# JRE version: Java(TM) SE Runtime Environment (7.0_45-b18) (build 1.7.0_45-b18)
# Java VM: Java HotSpot(TM) 64-Bit Server VM (24.45-b08 mixed mode windows-amd64 compressed oops)
Heap
 PSYoungGen      total 29696K, used 11849K [0x00000000ec300000, 0x00000000f1080000, 0x0000000100000000)
  eden space 27136K, 34% used [0x00000000ec300000,0x00000000ecc14718,0x00000000edd80000)
  from space 2560K, 99% used [0x00000000edd80000,0x00000000edffde10,0x00000000ee000000)
  to   space 25600K, 0% used [0x00000000ef780000,0x00000000ef780000,0x00000000f1080000)
 ParOldGen       total 114688K, used 74647K [0x00000000c4a00000, 0x00000000cba00000, 0x00000000ec300000)
  object space 114688K, 65% used [0x00000000c4a00000,0x00000000c92e5d90,0x00000000cba00000)
 PSPermGen       total 21504K, used 4669K [0x00000000bf800000, 0x00000000c0d00000, 0x00000000c4a00000)
  object space 21504K, 21% used [0x00000000bf800000,0x00000000bfc8f510,0x00000000c0d00000)
GC Heap History (10 events):
Event: 2.422 GC heap before
{Heap before GC invocations=3 (full 1):
 PSYoungGen      total 17920K, used 15360K [0x00000000ec300000, 0x00000000ed700000, 0x0000000100000000)
  eden space 15360K, 100% used [0x00000000ec300000,0x00000000ed200000,0x00000000ed200000)
  from space 2560K, 0% used [0x00000000ed200000,0x00000000ed200000,0x00000000ed480000)
  to   space 2560K, 0% used [0x00000000ed480000,0x00000000ed480000,0x00000000ed700000)
 ParOldGen       total 49664K, used 17026K [0x00000000c4a00000, 0x00000000c7a80000, 0x00000000ec300000)
  object space 49664K, 34% used [0x00000000c4a00000,0x00000000c5aa0930,0x00000000c7a80000)
 PSPermGen       total 21504K, used 4530K [0x00000000bf800000, 0x00000000c0d00000, 0x00000000c4a00000)
  object space 21504K, 21% used [0x00000000bf800000,0x00000000bfc6cbd0,0x00000000c0d00000)
Event: 2.473 GC heap after
Heap after GC invocations=3 (full 1):
 PSYoungGen      total 17920K, used 2538K [0x00000000ec300000, 0x00000000edf00000, 0x0000000100000000)
  eden space 15360K, 0% used [0x00000000ec300000,0x00000000ec300000,0x00000000ed200000)
  from space 2560K, 99% used [0x00000000ed480000,0x00000000ed6fa9e8,0x00000000ed700000)
  to   space 2560K, 0% used [0x00000000ed200000,0x00000000ed200000,0x00000000ed480000)
 ParOldGen       total 49664K, used 28602K [0x00000000c4a00000, 0x00000000c7a80000, 0x00000000ec300000)
  object space 49664K, 57% used [0x00000000c4a00000,0x00000000c65ee930,0x00000000c7a80000)
 PSPermGen       total 21504K, used 4530K [0x00000000bf800000, 0x00000000c0d00000, 0x00000000c4a00000)
  object space 21504K, 21% used [0x00000000bf800000,0x00000000bfc6cbd0,0x00000000c0d00000)
}
Event: 2.544 GC heap before
{Heap before GC invocations=4 (full 1):
 PSYoungGen      total 17920K, used 17898K [0x00000000ec300000, 0x00000000edf00000, 0x0000000100000000)
  eden space 15360K, 100% used [0x00000000ec300000,0x00000000ed200000,0x00000000ed200000)
  from space 2560K, 99% used [0x00000000ed480000,0x00000000ed6fa9e8,0x00000000ed700000)
  to   space 2560K, 0% used [0x00000000ed200000,0x00000000ed200000,0x00000000ed480000)
 ParOldGen       total 49664K, used 28602K [0x00000000c4a00000, 0x00000000c7a80000, 0x00000000ec300000)
  object space 49664K, 57% used [0x00000000c4a00000,0x00000000c65ee930,0x00000000c7a80000)
 PSPermGen       total 21504K, used 4530K [0x00000000bf800000, 0x00000000c0d00000, 0x00000000c4a00000)
  object space 21504K, 21% used [0x00000000bf800000,0x00000000bfc6cbd0,0x00000000c0d00000)
Event: 2.597 GC heap after
Heap after GC invocations=4 (full 1):
 PSYoungGen      total 17920K, used 2551K [0x00000000ec300000, 0x00000000ee280000, 0x0000000100000000)
  eden space 15360K, 0% used [0x00000000ec300000,0x00000000ec300000,0x00000000ed200000)
  from space 2560K, 99% used [0x00000000ed200000,0x00000000ed47de10,0x00000000ed480000)
  to   space 2560K, 0% used [0x00000000ee000000,0x00000000ee000000,0x00000000ee280000)
 ParOldGen       total 49664K, used 42738K [0x00000000c4a00000, 0x00000000c7a80000, 0x00000000ec300000)
  object space 49664K, 86% used [0x00000000c4a00000,0x00000000c73bc930,0x00000000c7a80000)
 PSPermGen       total 21504K, used 4530K [0x00000000bf800000, 0x00000000c0d00000, 0x00000000c4a00000)
  object space 21504K, 21% used [0x00000000bf800000,0x00000000bfc6cbd0,0x00000000c0d00000)
}
Event: 2.597 GC heap before
{Heap before GC invocations=5 (full 2):
 PSYoungGen      total 17920K, used 2551K [0x00000000ec300000, 0x00000000ee280000, 0x0000000100000000)
  eden space 15360K, 0% used [0x00000000ec300000,0x00000000ec300000,0x00000000ed200000)
  from space 2560K, 99% used [0x00000000ed200000,0x00000000ed47de10,0x00000000ed480000)
  to   space 2560K, 0% used [0x00000000ee000000,0x00000000ee000000,0x00000000ee280000)
 ParOldGen       total 49664K, used 42738K [0x00000000c4a00000, 0x00000000c7a80000, 0x00000000ec300000)
  object space 49664K, 86% used [0x00000000c4a00000,0x00000000c73bc930,0x00000000c7a80000)
 PSPermGen       total 21504K, used 4530K [0x00000000bf800000, 0x00000000c0d00000, 0x00000000c4a00000)
  object space 21504K, 21% used [0x00000000bf800000,0x00000000bfc6cbd0,0x00000000c0d00000)
Event: 3.416 GC heap after
Heap after GC invocations=5 (full 2):
 PSYoungGen      total 17920K, used 0K [0x00000000ec300000, 0x00000000ee280000, 0x0000000100000000)
  eden space 15360K, 0% used [0x00000000ec300000,0x00000000ec300000,0x00000000ed200000)
  from space 2560K, 0% used [0x00000000ed200000,0x00000000ed200000,0x00000000ed480000)
  to   space 2560K, 0% used [0x00000000ee000000,0x00000000ee000000,0x00000000ee280000)
 ParOldGen       total 114688K, used 44519K [0x00000000c4a00000, 0x00000000cba00000, 0x00000000ec300000)
  object space 114688K, 38% used [0x00000000c4a00000,0x00000000c7579d90,0x00000000cba00000)
 PSPermGen       total 21504K, used 4530K [0x00000000bf800000, 0x00000000c0d00000, 0x00000000c4a00000)
  object space 21504K, 21% used [0x00000000bf800000,0x00000000bfc6cbd0,0x00000000c0d00000)
}
Event: 3.454 GC heap before
{Heap before GC invocations=6 (full 2):
 PSYoungGen      total 17920K, used 15360K [0x00000000ec300000, 0x00000000ee280000, 0x0000000100000000)
  eden space 15360K, 100% used [0x00000000ec300000,0x00000000ed200000,0x00000000ed200000)
  from space 2560K, 0% used [0x00000000ed200000,0x00000000ed200000,0x00000000ed480000)
  to   space 2560K, 0% used [0x00000000ee000000,0x00000000ee000000,0x00000000ee280000)
 ParOldGen       total 114688K, used 44519K [0x00000000c4a00000, 0x00000000cba00000, 0x00000000ec300000)
  object space 114688K, 38% used [0x00000000c4a00000,0x00000000c7579d90,0x00000000cba00000)
 PSPermGen       total 21504K, used 4530K [0x00000000bf800000, 0x00000000c0d00000, 0x00000000c4a00000)
  object space 21504K, 21% used [0x00000000bf800000,0x00000000bfc6cbd0,0x00000000c0d00000)
Event: 3.481 GC heap after
Heap after GC invocations=6 (full 2):
 PSYoungGen      total 22528K, used 2553K [0x00000000ec300000, 0x00000000ee280000, 0x0000000100000000)
  eden space 19968K, 0% used [0x00000000ec300000,0x00000000ec300000,0x00000000ed680000)
  from space 2560K, 99% used [0x00000000ee000000,0x00000000ee27e4f8,0x00000000ee280000)
  to   space 2560K, 0% used [0x00000000edd80000,0x00000000edd80000,0x00000000ee000000)
 ParOldGen       total 114688K, used 56247K [0x00000000c4a00000, 0x00000000cba00000, 0x00000000ec300000)
  object space 114688K, 49% used [0x00000000c4a00000,0x00000000c80edd90,0x00000000cba00000)
 PSPermGen       total 21504K, used 4530K [0x00000000bf800000, 0x00000000c0d00000, 0x00000000c4a00000)
  object space 21504K, 21% used [0x00000000bf800000,0x00000000bfc6cbd0,0x00000000c0d00000)
}
Event: 3.529 GC heap before
{Heap before GC invocations=7 (full 2):
 PSYoungGen      total 22528K, used 22521K [0x00000000ec300000, 0x00000000ee280000, 0x0000000100000000)
  eden space 19968K, 100% used [0x00000000ec300000,0x00000000ed680000,0x00000000ed680000)
  from space 2560K, 99% used [0x00000000ee000000,0x00000000ee27e4f8,0x00000000ee280000)
  to   space 2560K, 0% used [0x00000000edd80000,0x00000000edd80000,0x00000000ee000000)
 ParOldGen       total 114688K, used 56247K [0x00000000c4a00000, 0x00000000cba00000, 0x00000000ec300000)
  object space 114688K, 49% used [0x00000000c4a00000,0x00000000c80edd90,0x00000000cba00000)
 PSPermGen       total 21504K, used 4530K [0x00000000bf800000, 0x00000000c0d00000, 0x00000000c4a00000)
  object space 21504K, 21% used [0x00000000bf800000,0x00000000bfc6cbd0,0x00000000c0d00000)
Event: 3.569 GC heap after
Heap after GC invocations=7 (full 2):
 PSYoungGen      total 29696K, used 2551K [0x00000000ec300000, 0x00000000f1080000, 0x0000000100000000)
  eden space 27136K, 0% used [0x00000000ec300000,0x00000000ec300000,0x00000000edd80000)
  from space 2560K, 99% used [0x00000000edd80000,0x00000000edffde10,0x00000000ee000000)
  to   space 25600K, 0% used [0x00000000ef780000,0x00000000ef780000,0x00000000f1080000)
 ParOldGen       total 114688K, used 74647K [0x00000000c4a00000, 0x00000000cba00000, 0x00000000ec300000)
  object space 114688K, 65% used [0x00000000c4a00000,0x00000000c92e5d90,0x00000000cba00000)
 PSPermGen       total 21504K, used 4530K [0x00000000bf800000, 0x00000000c0d00000, 0x00000000c4a00000)
  object space 21504K, 21% used [0x00000000bf800000,0x00000000bfc6cbd0,0x00000000c0d00000)
}

