# JRE version: Java(TM) SE Runtime Environment (7.0_45-b18) (build 1.7.0_45-b18)
# Java VM: Java HotSpot(TM) 64-Bit Server VM (24.45-b08 mixed mode windows-amd64 compressed oops)
Heap
 PSYoungGen      total 29184K, used 11673K [0x00000000ec300000, 0x00000000f1080000, 0x0000000100000000)
  eden space 26624K, 34% used [0x00000000ec300000,0x00000000ecbe88b8,0x00000000edd00000)
  from space 2560K, 99% used [0x00000000edd00000,0x00000000edf7de10,0x00000000edf80000)
  to   space 25600K, 0% used [0x00000000ef780000,0x00000000ef780000,0x00000000f1080000)
 ParOldGen       total 115200K, used 74647K [0x00000000c4a00000, 0x00000000cba80000, 0x00000000ec300000)
  object space 115200K, 64% used [0x00000000c4a00000,0x00000000c92e5de0,0x00000000cba80000)
 PSPermGen       total 21504K, used 4657K [0x00000000bf800000, 0x00000000c0d00000, 0x00000000c4a00000)
  object space 21504K, 21% used [0x00000000bf800000,0x00000000bfc8c6f0,0x00000000c0d00000)
GC Heap History (10 events):
Event: 2.323 GC heap before
{Heap before GC invocations=3 (full 1):
 PSYoungGen      total 17920K, used 15360K [0x00000000ec300000, 0x00000000ed700000, 0x0000000100000000)
  eden space 15360K, 100% used [0x00000000ec300000,0x00000000ed200000,0x00000000ed200000)
  from space 2560K, 0% used [0x00000000ed200000,0x00000000ed200000,0x00000000ed480000)
  to   space 2560K, 0% used [0x00000000ed480000,0x00000000ed480000,0x00000000ed700000)
 ParOldGen       total 49664K, used 17026K [0x00000000c4a00000, 0x00000000c7a80000, 0x00000000ec300000)
  object space 49664K, 34% used [0x00000000c4a00000,0x00000000c5aa0958,0x00000000c7a80000)
 PSPermGen       total 21504K, used 4531K [0x00000000bf800000, 0x00000000c0d00000, 0x00000000c4a00000)
  object space 21504K, 21% used [0x00000000bf800000,0x00000000bfc6ccc8,0x00000000c0d00000)
Event: 2.355 GC heap after
Heap after GC invocations=3 (full 1):
 PSYoungGen      total 17920K, used 2538K [0x00000000ec300000, 0x00000000edd00000, 0x0000000100000000)
  eden space 15360K, 0% used [0x00000000ec300000,0x00000000ec300000,0x00000000ed200000)
  from space 2560K, 99% used [0x00000000ed480000,0x00000000ed6fa9e8,0x00000000ed700000)
  to   space 2560K, 0% used [0x00000000ed200000,0x00000000ed200000,0x00000000ed480000)
 ParOldGen       total 49664K, used 28602K [0x00000000c4a00000, 0x00000000c7a80000, 0x00000000ec300000)
  object space 49664K, 57% used [0x00000000c4a00000,0x00000000c65ee958,0x00000000c7a80000)
 PSPermGen       total 21504K, used 4531K [0x00000000bf800000, 0x00000000c0d00000, 0x00000000c4a00000)
  object space 21504K, 21% used [0x00000000bf800000,0x00000000bfc6ccc8,0x00000000c0d00000)
}
Event: 2.405 GC heap before
{Heap before GC invocations=4 (full 1):
 PSYoungGen      total 17920K, used 17898K [0x00000000ec300000, 0x00000000edd00000, 0x0000000100000000)
  eden space 15360K, 100% used [0x00000000ec300000,0x00000000ed200000,0x00000000ed200000)
  from space 2560K, 99% used [0x00000000ed480000,0x00000000ed6fa9e8,0x00000000ed700000)
  to   space 2560K, 0% used [0x00000000ed200000,0x00000000ed200000,0x00000000ed480000)
 ParOldGen       total 49664K, used 28602K [0x00000000c4a00000, 0x00000000c7a80000, 0x00000000ec300000)
  object space 49664K, 57% used [0x00000000c4a00000,0x00000000c65ee958,0x00000000c7a80000)
 PSPermGen       total 21504K, used 4531K [0x00000000bf800000, 0x00000000c0d00000, 0x00000000c4a00000)
  object space 21504K, 21% used [0x00000000bf800000,0x00000000bfc6ccc8,0x00000000c0d00000)
Event: 2.442 GC heap after
Heap after GC invocations=4 (full 1):
 PSYoungGen      total 17920K, used 2551K [0x00000000ec300000, 0x00000000ee200000, 0x0000000100000000)
  eden space 15360K, 0% used [0x00000000ec300000,0x00000000ec300000,0x00000000ed200000)
  from space 2560K, 99% used [0x00000000ed200000,0x00000000ed47de10,0x00000000ed480000)
  to   space 2560K, 0% used [0x00000000edf80000,0x00000000edf80000,0x00000000ee200000)
 ParOldGen       total 49664K, used 42738K [0x00000000c4a00000, 0x00000000c7a80000, 0x00000000ec300000)
  object space 49664K, 86% used [0x00000000c4a00000,0x00000000c73bc958,0x00000000c7a80000)
 PSPermGen       total 21504K, used 4531K [0x00000000bf800000, 0x00000000c0d00000, 0x00000000c4a00000)
  object space 21504K, 21% used [0x00000000bf800000,0x00000000bfc6ccc8,0x00000000c0d00000)
}
Event: 2.442 GC heap before
{Heap before GC invocations=5 (full 2):
 PSYoungGen      total 17920K, used 2551K [0x00000000ec300000, 0x00000000ee200000, 0x0000000100000000)
  eden space 15360K, 0% used [0x00000000ec300000,0x00000000ec300000,0x00000000ed200000)
  from space 2560K, 99% used [0x00000000ed200000,0x00000000ed47de10,0x00000000ed480000)
  to   space 2560K, 0% used [0x00000000edf80000,0x00000000edf80000,0x00000000ee200000)
 ParOldGen       total 49664K, used 42738K [0x00000000c4a00000, 0x00000000c7a80000, 0x00000000ec300000)
  object space 49664K, 86% used [0x00000000c4a00000,0x00000000c73bc958,0x00000000c7a80000)
 PSPermGen       total 21504K, used 4531K [0x00000000bf800000, 0x00000000c0d00000, 0x00000000c4a00000)
  object space 21504K, 21% used [0x00000000bf800000,0x00000000bfc6ccc8,0x00000000c0d00000)
Event: 3.158 GC heap after
Heap after GC invocations=5 (full 2):
 PSYoungGen      total 17920K, used 0K [0x00000000ec300000, 0x00000000ee200000, 0x0000000100000000)
  eden space 15360K, 0% used [0x00000000ec300000,0x00000000ec300000,0x00000000ed200000)
  from space 2560K, 0% used [0x00000000ed200000,0x00000000ed200000,0x00000000ed480000)
  to   space 2560K, 0% used [0x00000000edf80000,0x00000000edf80000,0x00000000ee200000)
 ParOldGen       total 115200K, used 44519K [0x00000000c4a00000, 0x00000000cba80000, 0x00000000ec300000)
  object space 115200K, 38% used [0x00000000c4a00000,0x00000000c7579de0,0x00000000cba80000)
 PSPermGen       total 21504K, used 4531K [0x00000000bf800000, 0x00000000c0d00000, 0x00000000c4a00000)
  object space 21504K, 21% used [0x00000000bf800000,0x00000000bfc6ccc8,0x00000000c0d00000)
}
Event: 3.195 GC heap before
{Heap before GC invocations=6 (full 2):
 PSYoungGen      total 17920K, used 15360K [0x00000000ec300000, 0x00000000ee200000, 0x0000000100000000)
  eden space 15360K, 100% used [0x00000000ec300000,0x00000000ed200000,0x00000000ed200000)
  from space 2560K, 0% used [0x00000000ed200000,0x00000000ed200000,0x00000000ed480000)
  to   space 2560K, 0% used [0x00000000edf80000,0x00000000edf80000,0x00000000ee200000)
 ParOldGen       total 115200K, used 44519K [0x00000000c4a00000, 0x00000000cba80000, 0x00000000ec300000)
  object space 115200K, 38% used [0x00000000c4a00000,0x00000000c7579de0,0x00000000cba80000)
 PSPermGen       total 21504K, used 4531K [0x00000000bf800000, 0x00000000c0d00000, 0x00000000c4a00000)
  object space 21504K, 21% used [0x00000000bf800000,0x00000000bfc6ccc8,0x00000000c0d00000)
Event: 3.223 GC heap after
Heap after GC invocations=6 (full 2):
 PSYoungGen      total 22528K, used 2553K [0x00000000ec300000, 0x00000000ee200000, 0x0000000100000000)
  eden space 19968K, 0% used [0x00000000ec300000,0x00000000ec300000,0x00000000ed680000)
  from space 2560K, 99% used [0x00000000edf80000,0x00000000ee1fe4f8,0x00000000ee200000)
  to   space 2560K, 0% used [0x00000000edd00000,0x00000000edd00000,0x00000000edf80000)
 ParOldGen       total 115200K, used 56247K [0x00000000c4a00000, 0x00000000cba80000, 0x00000000ec300000)
  object space 115200K, 48% used [0x00000000c4a00000,0x00000000c80edde0,0x00000000cba80000)
 PSPermGen       total 21504K, used 4531K [0x00000000bf800000, 0x00000000c0d00000, 0x00000000c4a00000)
  object space 21504K, 21% used [0x00000000bf800000,0x00000000bfc6ccc8,0x00000000c0d00000)
}
Event: 3.271 GC heap before
{Heap before GC invocations=7 (full 2):
 PSYoungGen      total 22528K, used 22521K [0x00000000ec300000, 0x00000000ee200000, 0x0000000100000000)
  eden space 19968K, 100% used [0x00000000ec300000,0x00000000ed680000,0x00000000ed680000)
  from space 2560K, 99% used [0x00000000edf80000,0x00000000ee1fe4f8,0x00000000ee200000)
  to   space 2560K, 0% used [0x00000000edd00000,0x00000000edd00000,0x00000000edf80000)
 ParOldGen       total 115200K, used 56247K [0x00000000c4a00000, 0x00000000cba80000, 0x00000000ec300000)
  object space 115200K, 48% used [0x00000000c4a00000,0x00000000c80edde0,0x00000000cba80000)
 PSPermGen       total 21504K, used 4531K [0x00000000bf800000, 0x00000000c0d00000, 0x00000000c4a00000)
  object space 21504K, 21% used [0x00000000bf800000,0x00000000bfc6ccc8,0x00000000c0d00000)
Event: 3.311 GC heap after
Heap after GC invocations=7 (full 2):
 PSYoungGen      total 29184K, used 2551K [0x00000000ec300000, 0x00000000f1080000, 0x0000000100000000)
  eden space 26624K, 0% used [0x00000000ec300000,0x00000000ec300000,0x00000000edd00000)
  from space 2560K, 99% used [0x00000000edd00000,0x00000000edf7de10,0x00000000edf80000)
  to   space 25600K, 0% used [0x00000000ef780000,0x00000000ef780000,0x00000000f1080000)
 ParOldGen       total 115200K, used 74647K [0x00000000c4a00000, 0x00000000cba80000, 0x00000000ec300000)
  object space 115200K, 64% used [0x00000000c4a00000,0x00000000c92e5de0,0x00000000cba80000)
 PSPermGen       total 21504K, used 4531K [0x00000000bf800000, 0x00000000c0d00000, 0x00000000c4a00000)
  object space 21504K, 21% used [0x00000000bf800000,0x00000000bfc6ccc8,0x00000000c0d00000)
}

